# JRE version: Java(TM) SE Runtime Environment (8.0_131-b11) (build 1.8.0_131-b11)
# Java VM: Java HotSpot(TM) Client VM (25.131-b11 mixed mode windows-x86 )
Heap:
 def new generation   total 32640K, used 12246K [0x04600000, 0x06960000, 0x0f0a0000)
  eden space 29056K,  42% used [0x04600000, 0x051f5810, 0x06260000)
  from space 3584K,   0% used [0x06260000, 0x06260000, 0x065e0000)
  to   space 3584K,   0% used [0x065e0000, 0x065e0000, 0x06960000)
 tenured generation   total 72204K, used 43320K [0x0f0a0000, 0x13723000, 0x24600000)
   the space 72204K,  59% used [0x0f0a0000, 0x11aee1b8, 0x11aee200, 0x13723000)
 Metaspace       used 40308K, capacity 41386K, committed 42240K, reserved 42368K
GC Heap History (10 events):
Event: 94.182 GC heap before
{Heap before GC invocations=114 (full 5):
 def new generation   total 27072K, used 24729K [0x04600000, 0x06350000, 0x0f0a0000)
  eden space 24128K, 100% used [0x04600000, 0x05d90000, 0x05d90000)
  from space 2944K,  20% used [0x05d90000, 0x05e26640, 0x06070000)
  to   space 2944K,   0% used [0x06070000, 0x06070000, 0x06350000)
 tenured generation   total 59816K, used 50577K [0x0f0a0000, 0x12b0a000, 0x24600000)
   the space 59816K,  84% used [0x0f0a0000, 0x122045c8, 0x12204600, 0x12b0a000)
 Metaspace       used 39644K, capacity 40893K, committed 40960K, reserved 41344K
Event: 94.202 GC heap after
Heap after GC invocations=115 (full 5):
 def new generation   total 27072K, used 2944K [0x04600000, 0x06350000, 0x0f0a0000)
  eden space 24128K,   0% used [0x04600000, 0x04600000, 0x05d90000)
  from space 2944K, 100% used [0x06070000, 0x06350000, 0x06350000)
  to   space 2944K,   0% used [0x05d90000, 0x05d90000, 0x06070000)
 tenured generation   total 59816K, used 51009K [0x0f0a0000, 0x12b0a000, 0x24600000)
   the space 59816K,  85% used [0x0f0a0000, 0x12270500, 0x12270600, 0x12b0a000)
 Metaspace       used 39644K, capacity 40893K, committed 40960K, reserved 41344K
}
Event: 115.054 GC heap before
{Heap before GC invocations=115 (full 5):
 def new generation   total 27072K, used 27072K [0x04600000, 0x06350000, 0x0f0a0000)
  eden space 24128K, 100% used [0x04600000, 0x05d90000, 0x05d90000)
  from space 2944K, 100% used [0x06070000, 0x06350000, 0x06350000)
  to   space 2944K,   0% used [0x05d90000, 0x05d90000, 0x06070000)
 tenured generation   total 59816K, used 51009K [0x0f0a0000, 0x12b0a000, 0x24600000)
   the space 59816K,  85% used [0x0f0a0000, 0x12270500, 0x12270600, 0x12b0a000)
 Metaspace       used 40241K, capacity 41517K, committed 41600K, reserved 42368K
Event: 115.077 GC heap after
Heap after GC invocations=116 (full 5):
 def new generation   total 27072K, used 2205K [0x04600000, 0x06350000, 0x0f0a0000)
  eden space 24128K,   0% used [0x04600000, 0x04600000, 0x05d90000)
  from space 2944K,  74% used [0x05d90000, 0x05fb74c0, 0x06070000)
  to   space 2944K,   0% used [0x06070000, 0x06070000, 0x06350000)
 tenured generation   total 59816K, used 53734K [0x0f0a0000, 0x12b0a000, 0x24600000)
   the space 59816K,  89% used [0x0f0a0000, 0x125198b0, 0x12519a00, 0x12b0a000)
 Metaspace       used 40241K, capacity 41517K, committed 41600K, reserved 42368K
}
Event: 115.660 GC heap before
{Heap before GC invocations=116 (full 5):
 def new generation   total 27072K, used 26333K [0x04600000, 0x06350000, 0x0f0a0000)
  eden space 24128K, 100% used [0x04600000, 0x05d90000, 0x05d90000)
  from space 2944K,  74% used [0x05d90000, 0x05fb74c0, 0x06070000)
  to   space 2944K,   0% used [0x06070000, 0x06070000, 0x06350000)
 tenured generation   total 59816K, used 53734K [0x0f0a0000, 0x12b0a000, 0x24600000)
   the space 59816K,  89% used [0x0f0a0000, 0x125198b0, 0x12519a00, 0x12b0a000)
 Metaspace       used 40269K, capacity 41517K, committed 41600K, reserved 42368K
Event: 115.670 GC heap after
Heap after GC invocations=117 (full 5):
 def new generation   total 27072K, used 900K [0x04600000, 0x06350000, 0x0f0a0000)
  eden space 24128K,   0% used [0x04600000, 0x04600000, 0x05d90000)
  from space 2944K,  30% used [0x06070000, 0x06151278, 0x06350000)
  to   space 2944K,   0% used [0x05d90000, 0x05d90000, 0x06070000)
 tenured generation   total 59816K, used 55135K [0x0f0a0000, 0x12b0a000, 0x24600000)
   the space 59816K,  92% used [0x0f0a0000, 0x12677e58, 0x12678000, 0x12b0a000)
 Metaspace       used 40269K, capacity 41517K, committed 41600K, reserved 42368K
}
Event: 116.041 GC heap before
{Heap before GC invocations=117 (full 5):
 def new generation   total 27072K, used 25028K [0x04600000, 0x06350000, 0x0f0a0000)
  eden space 24128K, 100% used [0x04600000, 0x05d90000, 0x05d90000)
  from space 2944K,  30% used [0x06070000, 0x06151278, 0x06350000)
  to   space 2944K,   0% used [0x05d90000, 0x05d90000, 0x06070000)
 tenured generation   total 59816K, used 55135K [0x0f0a0000, 0x12b0a000, 0x24600000)
   the space 59816K,  92% used [0x0f0a0000, 0x12677e58, 0x12678000, 0x12b0a000)
 Metaspace       used 40270K, capacity 41517K, committed 41600K, reserved 42368K
Event: 116.063 GC heap after
Heap after GC invocations=118 (full 5):
 def new generation   total 27072K, used 2944K [0x04600000, 0x06350000, 0x0f0a0000)
  eden space 24128K,   0% used [0x04600000, 0x04600000, 0x05d90000)
  from space 2944K, 100% used [0x05d90000, 0x06070000, 0x06070000)
  to   space 2944K,   0% used [0x06070000, 0x06070000, 0x06350000)
 tenured generation   total 59816K, used 57076K [0x0f0a0000, 0x12b0a000, 0x24600000)
   the space 59816K,  95% used [0x0f0a0000, 0x1285d390, 0x1285d400, 0x12b0a000)
 Metaspace       used 40270K, capacity 41517K, committed 41600K, reserved 42368K
}
Event: 116.702 GC heap before
{Heap before GC invocations=118 (full 5):
 def new generation   total 27072K, used 27072K [0x04600000, 0x06350000, 0x0f0a0000)
  eden space 24128K, 100% used [0x04600000, 0x05d90000, 0x05d90000)
  from space 2944K, 100% used [0x05d90000, 0x06070000, 0x06070000)
  to   space 2944K,   0% used [0x06070000, 0x06070000, 0x06350000)
 tenured generation   total 59816K, used 57076K [0x0f0a0000, 0x12b0a000, 0x24600000)
   the space 59816K,  95% used [0x0f0a0000, 0x1285d390, 0x1285d400, 0x12b0a000)
 Metaspace       used 40531K, capacity 41815K, committed 41856K, reserved 42368K
Event: 116.922 GC heap after
Heap after GC invocations=119 (full 6):
 def new generation   total 32640K, used 0K [0x04600000, 0x06960000, 0x0f0a0000)
  eden space 29056K,   0% used [0x04600000, 0x04600000, 0x06260000)
  from space 3584K,   0% used [0x06260000, 0x06260000, 0x065e0000)
  to   space 3584K,   0% used [0x065e0000, 0x065e0000, 0x06960000)
 tenured generation   total 72204K, used 43320K [0x0f0a0000, 0x13723000, 0x24600000)
   the space 72204K,  59% used [0x0f0a0000, 0x11aee1b8, 0x11aee200, 0x13723000)
 Metaspace       used 39876K, capacity 40928K, committed 41856K, reserved 42368K
}

